<?xml version="1.0" encoding="UTF-8"?>
<testng-results total="3" passed="3" failed="0" skipped="0">
  <reporter-output>
  </reporter-output>
  <suite started-at="2024-07-23T21:15:10Z" name="Flipkart Automation" finished-at="2024-07-23T21:15:26Z" duration-ms="15951">
    <groups>
    </groups>
    <test started-at="2024-07-23T21:15:10Z" name="Flipkart Product Testing" finished-at="2024-07-23T21:15:26Z" duration-ms="15951">
      <class name="demo.TestCases">
        <test-method is-config="true" signature="startBrowser()[pri:0, instance:demo.TestCases@be68757]" started-at="2024-07-24T02:45:10Z" name="startBrowser" finished-at="2024-07-24T02:45:11Z" duration-ms="1142" status="PASS">
          <reporter-output>
          </reporter-output>
        </test-method> <!-- startBrowser -->
        <test-method signature="testCase01()[pri:0, instance:demo.TestCases@be68757]" started-at="2024-07-24T02:45:11Z" name="testCase01" finished-at="2024-07-24T02:45:14Z" duration-ms="3445" status="PASS">
          <reporter-output>
          </reporter-output>
        </test-method> <!-- testCase01 -->
        <test-method signature="testCase02()[pri:0, instance:demo.TestCases@be68757]" started-at="2024-07-24T02:45:14Z" name="testCase02" finished-at="2024-07-24T02:45:17Z" duration-ms="2779" status="PASS">
          <reporter-output>
          </reporter-output>
        </test-method> <!-- testCase02 -->
        <test-method signature="testCase03()[pri:0, instance:demo.TestCases@be68757]" started-at="2024-07-24T02:45:17Z" name="testCase03" finished-at="2024-07-24T02:45:26Z" duration-ms="8411" status="PASS">
          <reporter-output>
          </reporter-output>
        </test-method> <!-- testCase03 -->
        <test-method is-config="true" signature="endTest()[pri:0, instance:demo.TestCases@be68757]" started-at="2024-07-24T02:45:26Z" name="endTest" finished-at="2024-07-24T02:45:26Z" duration-ms="170" status="PASS">
          <reporter-output>
          </reporter-output>
        </test-method> <!-- endTest -->
      </class> <!-- demo.TestCases -->
    </test> <!-- Flipkart Product Testing -->
  </suite> <!-- Flipkart Automation -->
</testng-results>
